<?xml version="1.0" encoding="UTF-8"?>
<!-- Generated by org.testng.reporters.JUnitXMLReporter -->
<testsuite hostname="IQA_CPU22" ignored="0" name="Default test" tests="4" failures="0" timestamp="09 Dec 2020 10:57:00 GMT" time="294.616" errors="0">
  <testcase name="runLogin" time="6.543" classname="com.spotify.testexcutation.Final_test"/>
  <testcase name="runHeader" time="51.095" classname="com.spotify.testexcutation.Final_test"/>
  <testcase name="runAlbums" time="30.062" classname="com.spotify.testexcutation.Final_test"/>
  <testcase name="runFooter" time="182.841" classname="com.spotify.testexcutation.Final_test"/>
</testsuite> <!-- Default test -->
