<?xml version="1.0" encoding="UTF-8"?>
<testng-results skipped="0" failed="0" ignored="0" total="4" passed="4">
  <reporter-output>
  </reporter-output>
  <suite name="Default suite" duration-ms="294616" started-at="2020-12-09T10:52:05Z" finished-at="2020-12-09T10:57:00Z">
    <groups>
    </groups>
    <test name="Default test" duration-ms="294616" started-at="2020-12-09T10:52:05Z" finished-at="2020-12-09T10:57:00Z">
      <class name="com.spotify.testexcutation.Final_test">
        <test-method status="PASS" signature="setProps()[pri:0, instance:com.spotify.testexcutation.Final_test@20322d26]" name="setProps" is-config="true" duration-ms="17417" started-at="2020-12-09T10:52:05Z" finished-at="2020-12-09T10:52:22Z">
          <reporter-output>
          </reporter-output>
        </test-method> <!-- setProps -->
        <test-method status="PASS" signature="runLogin()[pri:1, instance:com.spotify.testexcutation.Final_test@20322d26]" name="runLogin" duration-ms="6543" started-at="2020-12-09T10:52:22Z" finished-at="2020-12-09T10:52:29Z">
          <reporter-output>
          </reporter-output>
        </test-method> <!-- runLogin -->
        <test-method status="PASS" signature="runHeader()[pri:2, instance:com.spotify.testexcutation.Final_test@20322d26]" name="runHeader" duration-ms="51095" started-at="2020-12-09T10:52:29Z" finished-at="2020-12-09T10:53:20Z">
          <reporter-output>
          </reporter-output>
        </test-method> <!-- runHeader -->
        <test-method status="PASS" signature="runAlbums()[pri:3, instance:com.spotify.testexcutation.Final_test@20322d26]" name="runAlbums" duration-ms="30062" started-at="2020-12-09T10:53:20Z" finished-at="2020-12-09T10:53:50Z">
          <reporter-output>
          </reporter-output>
        </test-method> <!-- runAlbums -->
        <test-method status="PASS" signature="runFooter()[pri:4, instance:com.spotify.testexcutation.Final_test@20322d26]" name="runFooter" duration-ms="182841" started-at="2020-12-09T10:53:50Z" finished-at="2020-12-09T10:56:53Z">
          <reporter-output>
          </reporter-output>
        </test-method> <!-- runFooter -->
        <test-method status="PASS" signature="closeBrowser()[pri:0, instance:com.spotify.testexcutation.Final_test@20322d26]" name="closeBrowser" is-config="true" duration-ms="6626" started-at="2020-12-09T10:56:53Z" finished-at="2020-12-09T10:57:00Z">
          <reporter-output>
          </reporter-output>
        </test-method> <!-- closeBrowser -->
      </class> <!-- com.spotify.testexcutation.Final_test -->
    </test> <!-- Default test -->
  </suite> <!-- Default suite -->
</testng-results>
